latexml (LaTeXML version 0.8.7) processing ../latex/RotationAboutArbitraryAxis.tex
(Digesting TeX RotationAboutArbitraryAxis...
(Loading /opt/homebrew/Cellar/latexml/0.8.7/libexec/lib/perl5/LaTeXML/Package/TeX.pool.ltxml...
(Loading /opt/homebrew/Cellar/latexml/0.8.7/libexec/lib/perl5/LaTeXML/Package/eTeX.pool.ltxml... 0.00 sec)
(Loading /opt/homebrew/Cellar/latexml/0.8.7/libexec/lib/perl5/LaTeXML/Package/pdfTeX.pool.ltxml... 0.00 sec) 0.06 sec)
(Processing content /Users/deye/code/3dmath/docs/latex/RotationAboutArbitraryAxis.tex...
(Loading /opt/homebrew/Cellar/latexml/0.8.7/libexec/lib/perl5/LaTeXML/Package/LaTeX.pool.ltxml...
(Loading /opt/homebrew/Cellar/latexml/0.8.7/libexec/lib/perl5/LaTeXML/Package/textcomp.sty.ltxml...
(Processing definitions /usr/local/texlive/2023/texmf-dist/tex/latex-dev/base/ts1enc.dfu... 0.01 sec) 0.67 sec) 0.76 sec)
(Loading /opt/homebrew/Cellar/latexml/0.8.7/libexec/lib/perl5/LaTeXML/Package/article.cls.ltxml... 0.01 sec)
(Loading /opt/homebrew/Cellar/latexml/0.8.7/libexec/lib/perl5/LaTeXML/Package/amsmath.sty.ltxml...
(Loading /opt/homebrew/Cellar/latexml/0.8.7/libexec/lib/perl5/LaTeXML/Package/amsbsy.sty.ltxml...
(Loading /opt/homebrew/Cellar/latexml/0.8.7/libexec/lib/perl5/LaTeXML/Package/amsgen.sty.ltxml... 0.00 sec) 0.00 sec)
(Loading /opt/homebrew/Cellar/latexml/0.8.7/libexec/lib/perl5/LaTeXML/Package/amstext.sty.ltxml... 0.00 sec)
(Loading /opt/homebrew/Cellar/latexml/0.8.7/libexec/lib/perl5/LaTeXML/Package/amsopn.sty.ltxml... 0.00 sec) 0.02 sec)
(Loading /opt/homebrew/Cellar/latexml/0.8.7/libexec/lib/perl5/LaTeXML/Package/mathtools.sty.ltxml...
(Loading /opt/homebrew/Cellar/latexml/0.8.7/libexec/lib/perl5/LaTeXML/Package/keyval.sty.ltxml...
(Processing definitions /usr/local/texlive/2023/texmf-dist/tex/latex-dev/graphics/keyval.sty... 0.01 sec) 0.01 sec)
(Loading /opt/homebrew/Cellar/latexml/0.8.7/libexec/lib/perl5/LaTeXML/Package/calc.sty.ltxml... 0.00 sec) 0.02 sec)
(Loading /opt/homebrew/Cellar/latexml/0.8.7/libexec/lib/perl5/LaTeXML/Package/graphicx.sty.ltxml...
(Loading /opt/homebrew/Cellar/latexml/0.8.7/libexec/lib/perl5/LaTeXML/Package/graphics.sty.ltxml... 0.00 sec) 0.01 sec) 1.55 sec) 1.62 sec)
(Building...
(Loading compiled schema /opt/homebrew/Cellar/latexml/0.8.7/libexec/lib/perl5/LaTeXML/resources/RelaxNG/LaTeXML.model... 0.01 sec) 0.48 sec)
(Rewriting... 0.02 sec)
(Math Parsing 101 formulae ......
Warning:not_parsed:UNKNOWN.POSTSUBSCRIPT>RELOP MathParser failed to match rule 'Anything'
	at RotationAboutArbitraryAxis.tex; line 52 col 9 - line 52 col 9
	In "$\displaystyle V_{\parallel}=(V.R)R\@@ENDINLINEMATH"
	V[[UNKNOWN]] _{\parallel}[[POSTSUBSCRIPT]]
	        > =[[RELOP]] ([[OPEN]] V[[UNKNOWN]] .[[PERIOD]] R[[UNKNOWN]] )[[CLOSE]] R[[UNKNOWN]]
Warning:not_parsed:RELOP>OPEN MathParser failed to match rule 'Anything'
	at RotationAboutArbitraryAxis.tex; line 52 col 24 - line 52 col 36
	In "$\displaystyle=(V.R)R$"
	=[[RELOP]]
	        > ([[OPEN]] V[[UNKNOWN]] .[[PERIOD]] R[[UNKNOWN]] )[[CLOSE]] R[[UNKNOWN]]
Warning:not_parsed:RELOP.UNKNOWN.ADDOP>OPEN MathParser failed to match rule 'Anything'
	at RotationAboutArbitraryAxis.tex; line 53 col 9 - line 53 col 9
	In "$\displaystyle V_{\perp}=V-(V.R)R\@@ENDINLINEMATH"
	V[[UNKNOWN]] _{\perp}[[POSTSUBSCRIPT]] =[[RELOP]] V[[UNKNOWN]] -[[ADDOP]]
	        > ([[OPEN]] V[[UNKNOWN]] .[[PERIOD]] R[[UNKNOWN]] )[[CLOSE]] R[[UNKNOWN]]
Warning:not_parsed:RELOP.UNKNOWN.ADDOP>OPEN MathParser failed to match rule 'Anything'
	at RotationAboutArbitraryAxis.tex; line 53 col 20 - line 53 col 36
	In "$\displaystyle=V-(V.R)R$"
	=[[RELOP]] V[[UNKNOWN]] -[[ADDOP]]
	        > ([[OPEN]] V[[UNKNOWN]] .[[PERIOD]] R[[UNKNOWN]] )[[CLOSE]] R[[UNKNOWN]]
Warning:not_parsed:UNKNOWN.POSTSUPERSCRIPT>RELOP MathParser failed to match rule 'Anything'
	at RotationAboutArbitraryAxis.tex; line 59 col 9 - line 59 col 9
	In "$\displaystyle V^{\prime}=(V.R)R+V^{\prime}_{\perp}\@@ENDINLINEMATH"
	V[[UNKNOWN]] ^{\prime}[[POSTSUPERSCRIPT]]
	        > =[[RELOP]] ([[OPEN]] V[[UNKNOWN]] .[[PERIOD]] R[[UNKNOWN]] )[[CLOSE]] R[[UNKNOWN]] +[[ADDOP]] V[[UNKNOWN]] ^{\prime}[[POSTSUPERSCRIPT]] _{\perp}[[POSTSUBSCRIPT]]
Warning:not_parsed:RELOP>OPEN MathParser failed to match rule 'Anything'
	at RotationAboutArbitraryAxis.tex; line 59 col 13 - line 59 col 38
	In "$\displaystyle=(V.R)R+V^{\prime}_{\perp}$"
	=[[RELOP]]
	        > ([[OPEN]] V[[UNKNOWN]] .[[PERIOD]] R[[UNKNOWN]] )[[CLOSE]] R[[UNKNOWN]] +[[ADDOP]] V[[UNKNOWN]] ^{\prime}[[POSTSUPERSCRIPT]] _{\perp}[[POSTSUBSCRIPT]]
Warning:not_parsed:UNKNOWN.POSTSUPERSCRIPT>RELOP MathParser failed to match rule 'Anything'
	at RotationAboutArbitraryAxis.tex; line 72 col 9 - line 72 col 9
	In "$\displaystyle V^{\prime}=(V-(V.R)R)cos\theta+(R\times V)sin\theta\@@ENDINLINEMATH"
	V[[UNKNOWN]] ^{\prime}[[POSTSUPERSCRIPT]]
	        > =[[RELOP]] ([[OPEN]] V[[UNKNOWN]] -[[ADDOP]] ([[OPEN]] V[[UNKNOWN]] .[[PERIOD]] R[[UNKNOWN]] )[[CLOSE]] R[[UNKNOWN]] )[[CLOSE]] c[[UNKNOWN]] o[[UNKNOWN]] s[[UNKNOWN]] θ[[UNKNOWN]] +[[ADDOP]] ([[OPEN]] R[[UNKNOWN]] ×[[MULOP]] V[[UNKNOWN]] )[[CLOSE]] s[[UNKNOWN]] i[[UNKNOWN]] n[[UNKNOWN]] θ[[UNKNOWN]]
Warning:not_parsed:RELOP>OPEN MathParser failed to match rule 'Anything'
	at RotationAboutArbitraryAxis.tex; line 72 col 13 - line 73 col 15
	In "$\displaystyle=(V-(V.R)R)cos\theta+(R\times V)sin\theta$"
	=[[RELOP]]
	        > ([[OPEN]] V[[UNKNOWN]] -[[ADDOP]] ([[OPEN]] V[[UNKNOWN]] .[[PERIOD]] R[[UNKNOWN]] )[[CLOSE]] R[[UNKNOWN]] )[[CLOSE]] c[[UNKNOWN]] o[[UNKNOWN]] s[[UNKNOWN]] θ[[UNKNOWN]] +[[ADDOP]] ([[OPEN]] R[[UNKNOWN]] ×[[MULOP]] V[[UNKNOWN]] )[[CLOSE]] s[[UNKNOWN]] i[[UNKNOWN]] n[[UNKNOWN]] θ[[UNKNOWN]]
Warning:not_parsed:UNKNOWN.UNKNOWN.ADDOP>ADDOP MathParser failed to match rule 'Anything'
	at RotationAboutArbitraryAxis.tex; line 103 col 9 - line 103 col 9
	In "$\displaystyle V^{\prime}=\begin{vmatrix}\begin{bmatrix}1\\
	0\\
	0\\
	\end{bmatrix}-\begin{vmatrix}R_{x}\begin{bmatrix}R_{x}\\
	R_{y}\\
	R_{z}\\
	\end{bmatrix}\end{vmatrix}\end{vmatrix}cos\theta++\begin{vmatrix}0R_{y}+0R_{z}%
	\\
	1R_{z}-0R_{x}\\
	0R_{x}-1R_{y}\end{vmatrix}sin\theta\@@ENDINLINEMATH"
	V[[UNKNOWN]] ^{\prime}[[POSTSUPERSCRIPT]] =[[RELOP]] \begin{vmatrix}\begin{bmatrix}1\\
	0\\
	0\\
	\end{bmatrix}-\begin{vmatrix}R_{x}\begin{bmatrix}R_{x}\\
	R_{y}\\
	R_{z}\\
	\end{bmatrix}\end{vmatrix}\end{vmatrix}[[UNKNOWN]] c[[UNKNOWN]] o[[UNKNOWN]] s[[UNKNOWN]] θ[[UNKNOWN]] +[[ADDOP]]
	        > +[[ADDOP]] \begin{vmatrix}0R_{y}+0R_{z}\\
	1R_{z}-0R_{x}\\
	0R_{x}-1R_{y}\end{vmatrix}[[UNKNOWN]] s[[UNKNOWN]] i[[UNKNOWN]] n[[UNKNOWN]] θ[[UNKNOWN]]
Warning:not_parsed:UNKNOWN.UNKNOWN.ADDOP>ADDOP MathParser failed to match rule 'Anything'
	at RotationAboutArbitraryAxis.tex; line 103 col 13 - line 104 col 84
	In "$\displaystyle=\begin{vmatrix}\begin{bmatrix}1\\
	0\\
	0\\
	\end{bmatrix}-\begin{vmatrix}R_{x}\begin{bmatrix}R_{x}\\
	R_{y}\\
	R_{z}\\
	\end{bmatrix}\end{vmatrix}\end{vmatrix}cos\theta++\begin{vmatrix}0R_{y}+0R_{z}%
	\\
	1R_{z}-0R_{x}\\
	0R_{x}-1R_{y}\end{vmatrix}sin\theta$"
	=[[RELOP]] \begin{vmatrix}\begin{bmatrix}1\\
	0\\
	0\\
	\end{bmatrix}-\begin{vmatrix}R_{x}\begin{bmatrix}R_{x}\\
	R_{y}\\
	R_{z}\\
	\end{bmatrix}\end{vmatrix}\end{vmatrix}[[UNKNOWN]] c[[UNKNOWN]] o[[UNKNOWN]] s[[UNKNOWN]] θ[[UNKNOWN]] +[[ADDOP]]
	        > +[[ADDOP]] \begin{vmatrix}0R_{y}+0R_{z}\\
	1R_{z}-0R_{x}\\
	0R_{x}-1R_{y}\end{vmatrix}[[UNKNOWN]] s[[UNKNOWN]] i[[UNKNOWN]] n[[UNKNOWN]] θ[[UNKNOWN]]
 1.55 sec)
Math parsing succeeded:
   ltx:XMArg: 426/426
   ltx:XMWrap: 62/62
   ltx:XMath: 91/101
Symbols assumed as simple identifiers (with # of occurences):
   'B{italic}' (8), 'R{italic}' (49), 'V{italic}' (120), 'c{italic}' (18), 'i{italic}' (18), 'n{italic}' (18), 'o{italic}' (18), 's{italic}' (38), 'theta' (38)
Set MATHPARSER_SPECULATE to speculate on possible notations.
(Finalizing... 0.28 sec)
Conversion complete 10 warnings (See /Users/deye/code/3dmath/docs/web/RotationAboutArbitraryAxis.latexml.log) (reqd. 4.07s)
